------------------------------------------------------------------
	       SCS v3.2.1 - Splitting Conic Solver
	(c) Brendan O'Donoghue, Stanford University, 2012
------------------------------------------------------------------
problem:  variables n: 2, constraints m: 3
cones: 	  z: primal zero / dual free vars: 1
	  l: linear vars: 2
settings: eps_abs: 1.0e-09, eps_rel: 1.0e-09, eps_infeas: 1.0e-07
	  alpha: 1.50, scale: 1.00e-01, adaptive_scale: 1
	  max_iters: 100000, normalize: 1, rho_x: 1.00e-06
	  acceleration_lookback: 10, acceleration_interval: 10
lin-sys:  sparse-direct-amd-qdldl
	  nnz(A): 4, nnz(P): 3
------------------------------------------------------------------
 iter | pri res | dua res |   gap   |   obj   |  scale  | time (s)
------------------------------------------------------------------
     0| 1.51e+00  1.00e+00  4.91e+00  1.14e+00  1.00e-01  1.19e-04 
    75| 4.09e-10  7.93e-10  1.07e-09  1.24e+00  1.00e-01  2.10e-04 
------------------------------------------------------------------
status:  solved
timings: total: 2.11e-04s = setup: 9.88e-05s + solve: 1.13e-04s
	 lin-sys: 1.48e-05s, cones: 3.92e-06s, accel: 5.06e-05s
------------------------------------------------------------------
objective = 1.235000
------------------------------------------------------------------
SCS solved successfully: 1
SCS took 75 iters, using the sparse-direct-amd-qdldl linear solver.
Optimal solution vector x*:
x[0] = 0.300000
x[1] = -0.700000
Optimal dual vector y*:
y[0] = 2.700000
y[1] = 2.100000
y[2] = 0.000000
