Solving for lambda = 0
------------------------------------------------------------------
	       SCS v3.1.1 - Splitting Conic Solver
	(c) Brendan O'Donoghue, Stanford University, 2012
------------------------------------------------------------------
problem:  variables n: 500, constraints m: 500
cones: 	  z: primal zero / dual free vars: 100
	  l: linear vars: 400
settings: eps_abs: 1.0e-06, eps_rel: 1.0e-06, eps_infeas: 1.0e-07
	  alpha: 1.50, scale: 1.00e-01, adaptive_scale: 1
	  max_iters: 100000, normalize: 1, rho_x: 1.00e-06
	  acceleration_lookback: 10, acceleration_interval: 10
lin-sys:  sparse-direct
	  nnz(A): 10900, nnz(P): 100
------------------------------------------------------------------
 iter | pri res | dua res |   gap   |   obj   |  scale  | time (s)
------------------------------------------------------------------
     0| 4.54e+00  7.55e-02  9.57e-01  4.89e-01  1.00e-01  1.69e-04 
    25| 1.56e-07  5.84e-08  3.28e-07  1.64e-07  1.00e-01  1.27e-03 
------------------------------------------------------------------
status:  solved
timings: total: 7.25e-03s = setup: 5.98e-03s + solve: 1.27e-03s
	 lin-sys: 9.86e-04s, cones: 2.42e-05s, accel: 5.75e-06s
------------------------------------------------------------------
objective = 0.000000
------------------------------------------------------------------
Error : 0.7256063655877213
Solving for lambda = 0.01
------------------------------------------------------------------
 iter | pri res | dua res |   gap   |   obj   |  scale  | time (s)
------------------------------------------------------------------
     0| 1.41e-01  1.00e-02  7.69e-02  3.85e-02  1.00e-01  1.51e-04 
   250| 1.34e-04  1.56e-06  1.40e-06  1.25e-01  1.69e-02  1.14e-02 
   500| 5.72e-05  8.48e-07  4.82e-07  1.25e-01  1.69e-02  2.30e-02 
   750| 2.01e-05  1.20e-07  5.32e-07  1.25e-01  1.69e-02  3.45e-02 
   875| 4.30e-06  1.16e-07  2.10e-07  1.25e-01  1.69e-02  3.99e-02 
------------------------------------------------------------------
status:  solved
timings: total: 3.99e-02s = setup: 4.34e-06s + solve: 3.99e-02s
	 lin-sys: 3.38e-02s, cones: 7.30e-04s, accel: 7.27e-04s
------------------------------------------------------------------
objective = 0.125039
------------------------------------------------------------------
Error : 0.2259107853405316
Solving for lambda = 0.02497591197515687
------------------------------------------------------------------
 iter | pri res | dua res |   gap   |   obj   |  scale  | time (s)
------------------------------------------------------------------
     0| 1.26e+00  1.50e-02  6.09e+00 -2.92e+00  1.69e-02  2.15e-04 
   250| 8.05e-04  1.01e-05  1.23e-04  3.10e-01  1.69e-02  1.12e-02 
   500| 2.98e-04  1.20e-06  1.85e-05  3.10e-01  1.69e-02  2.19e-02 
   750| 1.20e-04  1.01e-06  9.39e-06  3.10e-01  1.69e-02  3.26e-02 
  1000| 9.60e-05  7.37e-07  3.64e-06  3.10e-01  1.69e-02  4.36e-02 
  1250| 4.72e-05  8.34e-07  6.33e-06  3.10e-01  1.69e-02  5.49e-02 
  1500| 2.25e-05  3.04e-07  2.25e-06  3.10e-01  1.69e-02  6.58e-02 
  1750| 5.62e-06  2.28e-08  4.66e-07  3.10e-01  1.69e-02  7.69e-02 
  1950| 4.71e-06  6.17e-08  1.22e-07  3.10e-01  1.69e-02  8.58e-02 
------------------------------------------------------------------
status:  solved
timings: total: 8.58e-02s = setup: 4.94e-06s + solve: 8.58e-02s
	 lin-sys: 7.36e-02s, cones: 1.67e-03s, accel: 1.94e-03s
------------------------------------------------------------------
objective = 0.309833
------------------------------------------------------------------
Error : 0.21880188151191785
Solving for lambda = 0.06237961789907842
------------------------------------------------------------------
 iter | pri res | dua res |   gap   |   obj   |  scale  | time (s)
------------------------------------------------------------------
     0| 3.14e+00  3.74e-02  3.87e+01 -1.90e+01  1.69e-02  1.58e-04 
   250| 2.30e-03  2.35e-05  4.98e-04  7.59e-01  1.69e-02  1.23e-02 
   500| 6.38e-04  8.53e-06  1.13e-04  7.59e-01  1.69e-02  2.43e-02 
   750| 8.74e-04  9.97e-06  1.78e-05  7.59e-01  1.69e-02  3.70e-02 
  1000| 1.71e-04  3.89e-07  1.42e-05  7.59e-01  1.69e-02  4.78e-02 
  1250| 8.82e-05  2.24e-07  6.85e-06  7.59e-01  1.69e-02  5.81e-02 
  1500| 8.80e-06  1.58e-08  3.94e-07  7.59e-01  1.69e-02  7.00e-02 
  1675| 5.44e-06  8.79e-09  1.93e-07  7.59e-01  1.69e-02  7.78e-02 
------------------------------------------------------------------
status:  solved
timings: total: 7.78e-02s = setup: 4.38e-06s + solve: 7.78e-02s
	 lin-sys: 6.63e-02s, cones: 1.53e-03s, accel: 1.93e-03s
------------------------------------------------------------------
objective = 0.759146
------------------------------------------------------------------
Error : 0.19472289935884313
Solving for lambda = 0.15579878456913032
------------------------------------------------------------------
 iter | pri res | dua res |   gap   |   obj   |  scale  | time (s)
------------------------------------------------------------------
     0| 7.83e+00  9.34e-02  2.43e+02 -1.21e+02  1.69e-02  1.55e-04 
   250| 6.59e-03  2.83e-05  1.68e-03  1.81e+00  1.69e-02  1.08e-02 
   500| 5.37e-03  4.13e-05  8.56e-04  1.82e+00  1.69e-02  2.21e-02 
   750| 2.12e-03  7.02e-06  3.70e-04  1.82e+00  1.69e-02  3.32e-02 
  1000| 9.68e-04  1.98e-06  1.49e-04  1.82e+00  1.69e-02  4.39e-02 
  1250| 9.76e+00  1.16e-01  1.21e-01  1.66e+00  1.69e-02  5.52e-02 
  1500| 6.24e-05  2.01e-07  3.74e-06  1.82e+00  1.69e-02  6.71e-02 
  1750| 1.50e-05  1.46e-07  6.33e-07  1.82e+00  1.69e-02  7.82e-02 
  1900| 4.08e-06  1.56e-08  4.53e-08  1.82e+00  1.69e-02  8.52e-02 
------------------------------------------------------------------
status:  solved
timings: total: 8.52e-02s = setup: 4.13e-06s + solve: 8.52e-02s
	 lin-sys: 7.34e-02s, cones: 1.63e-03s, accel: 1.84e-03s
------------------------------------------------------------------
objective = 1.818814
------------------------------------------------------------------
Error : 0.16652260857219253
Solving for lambda = 0.3891216729235027
------------------------------------------------------------------
 iter | pri res | dua res |   gap   |   obj   |  scale  | time (s)
------------------------------------------------------------------
     0| 1.96e+01  2.33e-01  1.52e+03 -7.58e+02  1.69e-02  1.58e-04 
   250| 1.60e-02  1.13e-04  2.43e-03  4.22e+00  1.69e-02  1.22e-02 
   500| 3.91e-03  6.14e-05  1.38e-03  4.26e+00  5.49e-02  2.48e-02 
   750| 1.10e-03  8.02e-06  8.38e-04  4.27e+00  1.81e-01  3.70e-02 
  1000| 6.18e-06  3.09e-07  1.36e-06  4.27e+00  1.81e-01  4.82e-02 
  1025| 4.23e-06  1.61e-07  5.60e-07  4.27e+00  1.81e-01  4.94e-02 
------------------------------------------------------------------
status:  solved
timings: total: 4.94e-02s = setup: 4.22e-06s + solve: 4.94e-02s
	 lin-sys: 4.13e-02s, cones: 9.48e-04s, accel: 8.75e-04s
------------------------------------------------------------------
objective = 4.269514
------------------------------------------------------------------
Error : 0.16508930825747362
Solving for lambda = 0.9718668650563185
------------------------------------------------------------------
 iter | pri res | dua res |   gap   |   obj   |  scale  | time (s)
------------------------------------------------------------------
     0| 4.55e+00  5.83e-01  8.78e+02 -4.35e+02  1.81e-01  1.69e-04 
   250| 4.54e-03  3.43e-05  3.36e-03  1.01e+01  1.81e-01  1.18e-02 
   500| 6.93e-04  3.79e-06  4.76e-04  1.01e+01  1.81e-01  2.29e-02 
   725| 1.15e-07  5.49e-08  1.98e-10  1.01e+01  5.85e-01  3.34e-02 
------------------------------------------------------------------
status:  solved
timings: total: 3.34e-02s = setup: 4.38e-06s + solve: 3.34e-02s
	 lin-sys: 2.81e-02s, cones: 6.19e-04s, accel: 7.13e-04s
------------------------------------------------------------------
objective = 10.143419
------------------------------------------------------------------
Error : 0.17887188557683356
Solving for lambda = 2.427326127321828
------------------------------------------------------------------
 iter | pri res | dua res |   gap   |   obj   |  scale  | time (s)
------------------------------------------------------------------
     0| 3.52e+00  1.46e+00  1.69e+03 -8.37e+02  5.85e-01  2.65e-04 
   250| 9.19e-05  3.91e-06  1.18e-04  2.44e+01  5.85e-01  1.23e-02 
   350| 3.72e-08  1.71e-08  1.53e-07  2.44e+01  5.85e-01  1.71e-02 
------------------------------------------------------------------
status:  solved
timings: total: 1.71e-02s = setup: 4.36e-06s + solve: 1.71e-02s
	 lin-sys: 1.44e-02s, cones: 3.14e-04s, accel: 3.55e-04s
------------------------------------------------------------------
objective = 24.402281
------------------------------------------------------------------
Error : 0.2605486204939154
Solving for lambda = 6.062468369098836
------------------------------------------------------------------
 iter | pri res | dua res |   gap   |   obj   |  scale  | time (s)
------------------------------------------------------------------
     0| 8.79e+00  3.64e+00  1.06e+04 -5.29e+03  5.85e-01  1.59e-04 
   250| 8.09e-05  8.61e-05  3.41e-05  5.78e+01  5.85e-01  1.10e-02 
   325| 2.57e-06  1.02e-07  5.29e-06  5.78e+01  5.85e-01  1.42e-02 
------------------------------------------------------------------
status:  solved
timings: total: 1.42e-02s = setup: 4.69e-06s + solve: 1.42e-02s
	 lin-sys: 1.22e-02s, cones: 2.67e-04s, accel: 2.47e-04s
------------------------------------------------------------------
objective = 57.753523
------------------------------------------------------------------
Error : 0.4805364286021535
Solving for lambda = 15.141567633878541
------------------------------------------------------------------
 iter | pri res | dua res |   gap   |   obj   |  scale  | time (s)
------------------------------------------------------------------
     0| 2.20e+01  9.08e+00  6.64e+04 -3.31e+04  5.85e-01  1.79e-04 
   150| 1.74e-07  2.20e-06  8.87e-06  1.31e+02  6.39e+00  7.85e-03 
------------------------------------------------------------------
status:  solved
timings: total: 7.86e-03s = setup: 4.59e-06s + solve: 7.85e-03s
	 lin-sys: 6.15e-03s, cones: 1.55e-04s, accel: 1.04e-04s
------------------------------------------------------------------
objective = 130.731598
------------------------------------------------------------------
Error : 0.728897685138138
Solving for lambda = 37.81744603896349
------------------------------------------------------------------
 iter | pri res | dua res |   gap   |   obj   |  scale  | time (s)
------------------------------------------------------------------
     0| 5.02e+00  2.27e+01  3.78e+04 -1.88e+04  6.39e+00  1.90e-04 
   125| 1.11e-07  4.49e-07  3.88e-05  2.66e+02  6.39e+00  5.56e-03 
------------------------------------------------------------------
status:  solved
timings: total: 5.57e-03s = setup: 4.46e-06s + solve: 5.57e-03s
	 lin-sys: 4.67e-03s, cones: 1.02e-04s, accel: 9.04e-05s
------------------------------------------------------------------
objective = 265.601214
------------------------------------------------------------------
Error : 0.8689013367110517
Solving for lambda = 94.45252033943963
------------------------------------------------------------------
 iter | pri res | dua res |   gap   |   obj   |  scale  | time (s)
------------------------------------------------------------------
     0| 1.25e+01  5.66e+01  2.37e+05 -1.18e+05  6.39e+00  1.60e-04 
   250| 1.32e-06  1.19e-12  4.39e-03  3.80e+02  1.60e+01  1.21e-02 
   325| 1.47e-14  1.61e-08  2.15e-11  3.80e+02  6.73e+04  1.61e-02 
------------------------------------------------------------------
status:  solved
timings: total: 1.61e-02s = setup: 4.11e-06s + solve: 1.61e-02s
	 lin-sys: 1.22e-02s, cones: 2.62e-04s, accel: 1.35e-04s
------------------------------------------------------------------
objective = 379.601832
------------------------------------------------------------------
Error : 1.0000000000000042
