------------------------------------------------------------------
	       SCS v3.1.1 - Splitting Conic Solver
	(c) Brendan O'Donoghue, Stanford University, 2012
------------------------------------------------------------------
problem:  variables n: 360, constraints m: 621
cones: 	  z: primal zero / dual free vars: 260
	  b: box cone vars: 361
settings: eps_abs: 1.0e-05, eps_rel: 1.0e-05, eps_infeas: 1.0e-07
	  alpha: 1.50, scale: 1.00e-01, adaptive_scale: 1
	  max_iters: 100000, normalize: 1, rho_x: 1.00e-06
	  acceleration_lookback: 10, acceleration_interval: 10
lin-sys:  sparse-direct
	  nnz(A): 4120, nnz(P): 360
------------------------------------------------------------------
 iter | pri res | dua res |   gap   |   obj   |  scale  | time (s)
------------------------------------------------------------------
     0| 8.50e+00  1.72e+00  4.55e+02  2.87e+02  1.00e-01  1.20e-04 
   125| 2.04e-07  3.16e-07  1.02e-06  1.33e+02  9.53e-01  3.92e-03 
------------------------------------------------------------------
status:  solved
timings: total: 3.93e-03s = setup: 4.47e-06s + solve: 3.93e-03s
	 lin-sys: 2.78e-03s, cones: 2.68e-04s, accel: 1.29e-04s
------------------------------------------------------------------
objective = 133.493196
------------------------------------------------------------------
Control action: [0.99999969 0.78998841 0.25527381 0.1077799 ]
------------------------------------------------------------------
 iter | pri res | dua res |   gap   |   obj   |  scale  | time (s)
------------------------------------------------------------------
     0| 7.77e+00  1.48e+01  2.36e+02 -2.00e+01  9.53e-01  1.29e-04 
    25| 1.89e-07  4.93e-06  1.14e-05  5.10e+00  9.53e-01  8.89e-04 
------------------------------------------------------------------
status:  solved
timings: total: 9.02e-04s = setup: 4.74e-06s + solve: 8.97e-04s
	 lin-sys: 5.92e-04s, cones: 6.11e-05s, accel: 9.15e-06s
------------------------------------------------------------------
objective = 5.099191
------------------------------------------------------------------
Control action: [ 0.18714855  0.01254759 -0.07939407 -0.01012287]
------------------------------------------------------------------
 iter | pri res | dua res |   gap   |   obj   |  scale  | time (s)
------------------------------------------------------------------
     0| 1.32e+00  2.52e+00  9.08e+00 -7.36e-01  9.53e-01  1.23e-04 
    25| 3.01e-08  7.77e-07  4.02e-07  1.87e-01  9.53e-01  8.29e-04 
------------------------------------------------------------------
status:  solved
timings: total: 8.40e-04s = setup: 4.69e-06s + solve: 8.36e-04s
	 lin-sys: 5.66e-04s, cones: 5.24e-05s, accel: 8.82e-06s
------------------------------------------------------------------
objective = 0.186919
------------------------------------------------------------------
Control action: [ 0.04211918  0.0156515   0.00977112 -0.02921773]
------------------------------------------------------------------
 iter | pri res | dua res |   gap   |   obj   |  scale  | time (s)
------------------------------------------------------------------
     0| 2.48e-01  4.73e-01  2.79e-01  8.99e-02  9.53e-01  1.08e-04 
    25| 5.53e-09  1.40e-07  1.26e-08  5.91e-02  9.53e-01  7.91e-04 
------------------------------------------------------------------
status:  solved
timings: total: 8.01e-04s = setup: 3.95e-06s + solve: 7.97e-04s
	 lin-sys: 5.44e-04s, cones: 5.20e-05s, accel: 8.02e-06s
------------------------------------------------------------------
objective = 0.059087
------------------------------------------------------------------
Control action: [ 0.01212715  0.0032088  -0.00648987 -0.01174709]
------------------------------------------------------------------
 iter | pri res | dua res |   gap   |   obj   |  scale  | time (s)
------------------------------------------------------------------
     0| 5.92e-02  1.13e-01  8.81e-03  1.16e-01  9.53e-01  1.29e-04 
    25| 1.33e-09  3.31e-08  1.46e-08  7.76e-02  9.53e-01  8.72e-04 
------------------------------------------------------------------
status:  solved
timings: total: 8.83e-04s = setup: 3.90e-06s + solve: 8.79e-04s
	 lin-sys: 5.81e-04s, cones: 5.79e-05s, accel: 9.32e-06s
------------------------------------------------------------------
objective = 0.077598
------------------------------------------------------------------
Control action: [ 0.01618329  0.00723406 -0.00360389 -0.01285602]
------------------------------------------------------------------
 iter | pri res | dua res |   gap   |   obj   |  scale  | time (s)
------------------------------------------------------------------
     0| 3.16e-02  6.04e-02  2.35e-02  2.48e-02  9.53e-01  1.13e-04 
    25| 1.34e-09  4.15e-08  2.65e-08  5.47e-02  9.53e-01  8.56e-04 
------------------------------------------------------------------
status:  solved
timings: total: 8.66e-04s = setup: 4.11e-06s + solve: 8.62e-04s
	 lin-sys: 5.45e-04s, cones: 5.25e-05s, accel: 6.67e-05s
------------------------------------------------------------------
objective = 0.054665
------------------------------------------------------------------
Control action: [ 0.01446215  0.00571512 -0.00312244 -0.01101544]
------------------------------------------------------------------
 iter | pri res | dua res |   gap   |   obj   |  scale  | time (s)
------------------------------------------------------------------
     0| 8.54e-03  1.63e-02  5.19e-03  4.15e-02  9.53e-01  1.59e-04 
    25| 1.95e-10  4.93e-09  3.14e-09  4.92e-02  9.53e-01  8.91e-04 
------------------------------------------------------------------
status:  solved
timings: total: 9.01e-04s = setup: 3.97e-06s + solve: 8.97e-04s
	 lin-sys: 5.97e-04s, cones: 5.23e-05s, accel: 7.25e-06s
------------------------------------------------------------------
objective = 0.049188
------------------------------------------------------------------
Control action: [ 0.01363669  0.00552102 -0.00292815 -0.01060603]
------------------------------------------------------------------
 iter | pri res | dua res |   gap   |   obj   |  scale  | time (s)
------------------------------------------------------------------
     0| 1.14e-03  2.19e-03  5.04e-04  4.79e-02  9.53e-01  1.11e-04 
    25| 2.61e-11  6.67e-10  3.24e-10  4.86e-02  9.53e-01  7.88e-04 
------------------------------------------------------------------
status:  solved
timings: total: 7.98e-04s = setup: 3.89e-06s + solve: 7.94e-04s
	 lin-sys: 5.44e-04s, cones: 5.22e-05s, accel: 6.84e-06s
------------------------------------------------------------------
objective = 0.048642
------------------------------------------------------------------
Control action: [ 0.01350422  0.00549533 -0.00296331 -0.01054329]
------------------------------------------------------------------
 iter | pri res | dua res |   gap   |   obj   |  scale  | time (s)
------------------------------------------------------------------
     0| 2.94e-04  5.63e-04  1.65e-04  4.91e-02  9.53e-01  1.06e-04 
    25| 6.43e-12  1.61e-10  1.02e-10  4.88e-02  9.53e-01  8.93e-04 
------------------------------------------------------------------
status:  solved
timings: total: 9.03e-04s = setup: 3.87e-06s + solve: 8.99e-04s
	 lin-sys: 6.07e-04s, cones: 5.37e-05s, accel: 7.31e-06s
------------------------------------------------------------------
objective = 0.048822
------------------------------------------------------------------
Control action: [ 0.01352863  0.00552024 -0.00296966 -0.01055983]
------------------------------------------------------------------
 iter | pri res | dua res |   gap   |   obj   |  scale  | time (s)
------------------------------------------------------------------
     0| 1.42e-03  2.70e-03  1.23e-03  5.22e-02  9.53e-01  1.08e-04 
    25| 3.24e-11  8.33e-10  7.88e-10  5.02e-02  9.53e-01  7.92e-04 
------------------------------------------------------------------
status:  solved
timings: total: 8.02e-04s = setup: 4.04e-06s + solve: 7.98e-04s
	 lin-sys: 5.44e-04s, cones: 5.22e-05s, accel: 7.51e-06s
------------------------------------------------------------------
objective = 0.050174
------------------------------------------------------------------
Control action: [ 0.01370064  0.00560611 -0.0030176  -0.01070375]
