------------------------------------------------------------------
	       SCS v3.0.0 - Splitting Conic Solver
	(c) Brendan O'Donoghue, Stanford University, 2012
------------------------------------------------------------------
problem:  variables n: 2, constraints m: 3
cones: 	  l: linear vars: 3
settings: eps_abs: 1.0e-09, eps_rel: 1.0e-09, eps_infeas: 1.0e-07
	  alpha: 1.50, scale: 1.00e-01, adaptive_scale: 1
	  max_iters: 100000, normalize: 1, warm_start: 0
	  acceleration_lookback: 10, acceleration_interval: 10
lin-sys:  sparse-direct
	  nnz(A): 4, nnz(P): 3
------------------------------------------------------------------
 iter | pri res | dua res |   gap   |   obj   |  scale  | time (s)
------------------------------------------------------------------
     0| 1.78e+00  1.00e+00  1.42e+00 -1.04e+00  1.00e-01  2.14e-05 
   175| 3.34e-11  4.17e-10  4.07e-10  1.24e+00  2.08e+01  1.25e-04 
------------------------------------------------------------------
status:  solved
timings: total: 2.01e-04s = setup: 7.52e-05s + solve: 1.26e-04s
	 lin-sys: 2.56e-05s, cones: 1.43e-05s, accel: 2.20e-05s
------------------------------------------------------------------
objective = 1.235000
------------------------------------------------------------------
SCS solved successfully: 1
SCS took 175 iters
Optimal solution vector x*:
x[0] = 0.300000
x[1] = -0.700000
Optimal dual vector y*:
y[0] = 2.700000
y[1] = 2.100000
y[2] = 0.000000
