------------------------------------------------------------------
	       SCS v3.0.0 - Splitting Conic Solver
	(c) Brendan O'Donoghue, Stanford University, 2012
------------------------------------------------------------------
problem:  variables n: 2, constraints m: 3
cones: 	  z: primal zero / dual free vars: 1
	  l: linear vars: 2
settings: eps_abs: 1.0e-09, eps_rel: 1.0e-09, eps_infeas: 1.0e-07
	  alpha: 1.50, scale: 1.00e-01, adaptive_scale: 1
	  max_iters: 100000, normalize: 1, warm_start: 0
	  acceleration_lookback: 10, acceleration_interval: 10
lin-sys:  sparse-direct
	  nnz(A): 4, nnz(P): 3
------------------------------------------------------------------
 iter | pri res | dua res |   gap   |   obj   |  scale  | time (s)
------------------------------------------------------------------
     0| 1.53e+00  1.00e+00  4.87e+00  1.10e+00  1.00e-01  4.76e-05 
   100| 6.18e-11  1.56e-12  1.30e-10  1.23e+00  1.00e-01  1.07e-04 
------------------------------------------------------------------
status:  solved
timings: total: 2.05e-04s = setup: 9.69e-05s + solve: 1.08e-04s
	 lin-sys: 1.23e-05s, cones: 7.86e-06s, accel: 1.55e-05s
------------------------------------------------------------------
objective = 1.235000
------------------------------------------------------------------
SCS took 100 iters
Optimal solution vector x*:
[ 0.3 -0.7]
Optimal dual vector y*:
[2.7 2.1 0. ]
